<?xml version="1.0" encoding="UTF-8"?>
<!-- Generated by org.testng.reporters.JUnitXMLReporter -->
<testsuite ignored="0" hostname="DESKTOP-4TEFN8L" failures="0" tests="5" name="Default test" time="108.213" errors="0" timestamp="2021-10-30T16:41:13 SAST">
  <testcase classname="register.regi" name="Registration" time="21.695"/>
  <testcase classname="register.regi" name="Login" time="15.022"/>
  <testcase classname="register.regi" name="Search" time="7.495"/>
  <testcase classname="register.regi" name="ZaddToCart" time="9.741"/>
  <testcase classname="register.regi" name="Select" time="11.554"/>
</testsuite> <!-- Default test -->
