<?xml version="1.0" encoding="UTF-8"?>
<!-- Generated by org.testng.reporters.JUnitXMLReporter -->
<testsuite ignored="0" hostname="DESKTOP-4TEFN8L" failures="0" tests="5" name="Default test" time="134.435" errors="0" timestamp="2021-10-31T13:01:14 SAST">
  <testcase classname="landingPage.Hotel" name="Registration" time="57.701"/>
  <testcase classname="landingPage.Hotel" name="Login" time="5.011"/>
  <testcase classname="landingPage.Hotel" name="searchHotel" time="35.79"/>
  <testcase classname="landingPage.Hotel" name="selectHotel" time="4.625"/>
  <testcase classname="landingPage.Hotel" name="bookHotel" time="9.675"/>
</testsuite> <!-- Default test -->
