<?xml version="1.0" encoding="UTF-8"?>
<!-- Generated by org.testng.reporters.JUnitXMLReporter -->
<testsuite ignored="0" hostname="DESKTOP-4TEFN8L" failures="0" tests="5" name="Default test" time="176.346" errors="0" timestamp="2021-11-03T11:30:43 SAST">
  <testcase classname="landingPage.Hotel" name="Registration" time="59.511"/>
  <testcase classname="landingPage.Hotel" name="Login" time="5.029"/>
  <testcase classname="landingPage.Hotel" name="searchHotel" time="36.973"/>
  <testcase classname="landingPage.Hotel" name="selectHotel" time="4.785"/>
  <testcase classname="landingPage.Hotel" name="bookHotel" time="44.837"/>
</testsuite> <!-- Default test -->
