<?xml version="1.0" encoding="UTF-8"?>
<!-- Generated by org.testng.reporters.JUnitXMLReporter -->
<testsuite ignored="0" hostname="DESKTOP-4TEFN8L" failures="0" tests="3" name="Default test" time="54.154" errors="0" timestamp="2021-11-18T16:20:09 SAST">
  <testcase classname="TestCases.mainCase" name="Registration" time="17.14"/>
  <testcase classname="TestCases.mainCase" name="Login" time="3.045"/>
  <testcase classname="TestCases.mainCase" name="SearchHotel" time="8.892"/>
</testsuite> <!-- Default test -->
