<?xml version="1.0" encoding="UTF-8"?>
<testng-results ignored="0" total="2" passed="2" failed="0" skipped="0">
  <reporter-output>
  </reporter-output>
  <suite started-at="2021-10-28T12:53:07 SAST" name="Default suite" finished-at="2021-10-28T12:55:47 SAST" duration-ms="159840">
    <groups>
    </groups>
    <test started-at="2021-10-28T12:53:07 SAST" name="Default test" finished-at="2021-10-28T12:55:47 SAST" duration-ms="159840">
      <class name="Register.regi">
        <test-method is-config="true" signature="launch()[pri:0, instance:Register.regi@799f10e1]" started-at="2021-10-28T12:53:08 SAST" name="launch" finished-at="2021-10-28T12:54:41 SAST" duration-ms="93122" status="PASS">
          <reporter-output>
          </reporter-output>
        </test-method> <!-- launch -->
        <test-method signature="Login()[pri:0, instance:Register.regi@799f10e1]" started-at="2021-10-28T12:54:41 SAST" name="Login" finished-at="2021-10-28T12:54:57 SAST" duration-ms="16577" status="PASS">
          <reporter-output>
          </reporter-output>
        </test-method> <!-- Login -->
        <test-method signature="ZSearch()[pri:0, instance:Register.regi@799f10e1]" started-at="2021-10-28T12:54:57 SAST" name="ZSearch" finished-at="2021-10-28T12:55:47 SAST" duration-ms="49640" status="PASS">
          <reporter-output>
          </reporter-output>
        </test-method> <!-- ZSearch -->
        <test-method is-config="true" signature="closeBrowser()[pri:0, instance:Register.regi@799f10e1]" started-at="2021-10-28T12:55:47 SAST" name="closeBrowser" finished-at="2021-10-28T12:55:47 SAST" duration-ms="72" status="PASS">
          <reporter-output>
          </reporter-output>
        </test-method> <!-- closeBrowser -->
      </class> <!-- Register.regi -->
    </test> <!-- Default test -->
  </suite> <!-- Default suite -->
</testng-results>
