<?xml version="1.0" encoding="UTF-8"?>
<!-- Generated by org.testng.reporters.JUnitXMLReporter -->
<testsuite ignored="0" hostname="DESKTOP-4ILV8P0" failures="0" tests="4" name="Default test" time="143.084" errors="0" timestamp="2021-11-03T13:43:15 SAST">
  <testcase classname="testCases.TCLogin" name="a" time="40.422"/>
  <testcase classname="testCases.TCLogin" name="b" time="55.697"/>
  <testcase classname="testCases.TCLogin" name="c" time="1.642"/>
  <testcase classname="testCases.TCLogin" name="d" time="25.68"/>
</testsuite> <!-- Default test -->
